/mnt/home/njoseph/gily_exp/post_processing
workergpu021
Fri Apr  3 14:49:35 EDT 2026
Setting up environment

EnvironmentNameNotFound: Could not find conda environment: 496
You can list all discoverable environments with `conda info --envs`.


Running concatenation
/mnt/home/njoseph/gily_exp/post_processing/concatenate_data_cam_mic_sync_gily_automated_flatiron.py:171: DtypeWarning: Columns (5) have mixed types. Specify dtype option on import or set low_memory=False.
  cam_clk_data = pd.read_csv(f"/mnt/home/neurostatslab/ceph/saneslab_data/big_setup/experiment_{experiment_no}/camera_timestamps.csv")
Camera names: 
 ['center', 'nest_other_side', 'burrow_side', 'burrow_top', 'gily_center', 'nest_top', 'nest_side']
/mnt/home/neurostatslab/ceph/saneslab_data/big_setup/experiment_496/videos/center-20260219T150332-150832_trunc_111.mp4 created successfully.
/mnt/home/neurostatslab/ceph/saneslab_data/big_setup/experiment_496/videos/center-20260219T150832-151333_trunc_0.mp4 created successfully.
/mnt/home/neurostatslab/ceph/saneslab_data/big_setup/experiment_496/videos/center-20260219T150832-151333_trunc_1.mp4 created successfully.
/mnt/home/neurostatslab/ceph/saneslab_data/big_setup/experiment_496/videos/center-20260219T151333-151833_trunc_0.mp4 created successfully.
/mnt/home/neurostatslab/ceph/saneslab_data/big_setup/experiment_496/videos/center-20260219T151333-151833_trunc_1.mp4 created successfully.
/mnt/home/neurostatslab/ceph/saneslab_data/big_setup/experiment_496/videos/center-20260219T151833-152334_trunc_0.mp4 created successfully.
/mnt/home/neurostatslab/ceph/saneslab_data/big_setup/experiment_496/videos/center-20260219T151833-152334_trunc_1.mp4 created successfully.
/mnt/home/neurostatslab/ceph/saneslab_data/big_setup/experiment_496/videos/center-20260219T152334-152834_trunc_0.mp4 created successfully.
/mnt/home/neurostatslab/ceph/saneslab_data/big_setup/experiment_496/videos/center-20260219T152334-152834_trunc_1.mp4 created successfully.
/mnt/home/neurostatslab/ceph/saneslab_data/big_setup/experiment_496/videos/center-20260219T152834-153334_trunc_0.mp4 created successfully.
/mnt/home/neurostatslab/ceph/saneslab_data/big_setup/experiment_496/videos/center-20260219T152834-153334_trunc_1.mp4 created successfully.
/mnt/home/neurostatslab/ceph/saneslab_data/big_setup/experiment_496/videos/center-20260219T153334-153834_trunc_111.mp4 created successfully.
/mnt/home/neurostatslab/ceph/saneslab_data/big_setup/experiment_496/videos/center-20260219T153834-154335_trunc_0.mp4 created successfully.
/mnt/home/neurostatslab/ceph/saneslab_data/big_setup/experiment_496/videos/center-20260219T153834-154335_trunc_1.mp4 created successfully.
/mnt/home/neurostatslab/ceph/saneslab_data/big_setup/experiment_496/videos/center-20260219T154335-154835_trunc_0.mp4 created successfully.
/mnt/home/neurostatslab/ceph/saneslab_data/big_setup/experiment_496/videos/center-20260219T154335-154835_trunc_1.mp4 created successfully.
/mnt/home/neurostatslab/ceph/saneslab_data/big_setup/experiment_496/videos/center-20260219T154835-155336_trunc_0.mp4 created successfully.
/mnt/home/neurostatslab/ceph/saneslab_data/big_setup/experiment_496/videos/center-20260219T154835-155336_trunc_1.mp4 created successfully.
/mnt/home/neurostatslab/ceph/saneslab_data/big_setup/experiment_496/videos/center-20260219T155336-155837_trunc_0.mp4 created successfully.
/mnt/home/neurostatslab/ceph/saneslab_data/big_setup/experiment_496/videos/center-20260219T155336-155837_trunc_1.mp4 created successfully.
/mnt/home/neurostatslab/ceph/saneslab_data/big_setup/experiment_496/videos/center-20260219T155837-160338_trunc_0.mp4 created successfully.
/mnt/home/neurostatslab/ceph/saneslab_data/big_setup/experiment_496/videos/center-20260219T155837-160338_trunc_1.mp4 created successfully.
/mnt/home/neurostatslab/ceph/saneslab_data/big_setup/experiment_496/videos/center-20260219T160338-160838_trunc_111.mp4 created successfully.
/mnt/home/neurostatslab/ceph/saneslab_data/big_setup/experiment_496/videos/center-20260219T160838-161339_trunc_0.mp4 created successfully.
/mnt/home/neurostatslab/ceph/saneslab_data/big_setup/experiment_496/videos/center-20260219T160838-161339_trunc_1.mp4 created successfully.
/mnt/home/neurostatslab/ceph/saneslab_data/big_setup/experiment_496/videos/center-20260219T161339-161840_trunc_0.mp4 created successfully.
/mnt/home/neurostatslab/ceph/saneslab_data/big_setup/experiment_496/videos/center-20260219T161339-161840_trunc_1.mp4 created successfully.
/mnt/home/neurostatslab/ceph/saneslab_data/big_setup/experiment_496/videos/center-20260219T161840-162341_trunc_0.mp4 created successfully.
/mnt/home/neurostatslab/ceph/saneslab_data/big_setup/experiment_496/videos/center-20260219T161840-162341_trunc_1.mp4 created successfully.
/mnt/home/neurostatslab/ceph/saneslab_data/big_setup/experiment_496/videos/center-20260219T162341-162841_trunc_0.mp4 created successfully.
/mnt/home/neurostatslab/ceph/saneslab_data/big_setup/experiment_496/videos/center-20260219T162341-162841_trunc_1.mp4 created successfully.
/mnt/home/neurostatslab/ceph/saneslab_data/big_setup/experiment_496/videos/center-20260219T162841-163342_trunc_0.mp4 created successfully.
/mnt/home/neurostatslab/ceph/saneslab_data/big_setup/experiment_496/videos/center-20260219T162841-163342_trunc_1.mp4 created successfully.
/mnt/home/neurostatslab/ceph/saneslab_data/big_setup/experiment_496/videos/center-20260219T163342-163843_trunc_111.mp4 created successfully.
/mnt/home/neurostatslab/ceph/saneslab_data/big_setup/experiment_496/videos/center-20260219T163843-164344_trunc_0.mp4 created successfully.
/mnt/home/neurostatslab/ceph/saneslab_data/big_setup/experiment_496/videos/center-20260219T163843-164344_trunc_1.mp4 created successfully.
/mnt/home/neurostatslab/ceph/saneslab_data/big_setup/experiment_496/videos/center-20260219T164344-164845_trunc_0.mp4 created successfully.
/mnt/home/neurostatslab/ceph/saneslab_data/big_setup/experiment_496/videos/center-20260219T164344-164845_trunc_1.mp4 created successfully.
/mnt/home/neurostatslab/ceph/saneslab_data/big_setup/experiment_496/videos/center-20260219T164845-165345_trunc_0.mp4 created successfully.
/mnt/home/neurostatslab/ceph/saneslab_data/big_setup/experiment_496/videos/center-20260219T164845-165345_trunc_1.mp4 created successfully.
/mnt/home/neurostatslab/ceph/saneslab_data/big_setup/experiment_496/videos/center-20260219T165345-165845_trunc_0.mp4 created successfully.
/mnt/home/neurostatslab/ceph/saneslab_data/big_setup/experiment_496/videos/center-20260219T165345-165845_trunc_1.mp4 created successfully.
/mnt/home/neurostatslab/ceph/saneslab_data/big_setup/experiment_496/videos/center-20260219T165845-170346_trunc_0.mp4 created successfully.
/mnt/home/neurostatslab/ceph/saneslab_data/big_setup/experiment_496/videos/center-20260219T165845-170346_trunc_1.mp4 created successfully.
/mnt/home/neurostatslab/ceph/saneslab_data/big_setup/experiment_496/videos/center-20260219T170346-170847_trunc_111.mp4 created successfully.
/mnt/home/neurostatslab/ceph/saneslab_data/big_setup/experiment_496/videos/center-20260219T170847-171104_trunc_0.mp4 created successfully.
/mnt/home/neurostatslab/ceph/saneslab_data/big_setup/experiment_496/videos/center-20260219T170847-171104_trunc_0.mp4 created successfully.
/mnt/home/neurostatslab/ceph/saneslab_data/big_setup/experiment_496/videos/nest_other_side-20260219T150332-150833_trunc_111.mp4 created successfully.
/mnt/home/neurostatslab/ceph/saneslab_data/big_setup/experiment_496/videos/nest_other_side-20260219T150833-151334_trunc_0.mp4 created successfully.
/mnt/home/neurostatslab/ceph/saneslab_data/big_setup/experiment_496/videos/nest_other_side-20260219T150833-151334_trunc_1.mp4 created successfully.
/mnt/home/neurostatslab/ceph/saneslab_data/big_setup/experiment_496/videos/nest_other_side-20260219T151334-151834_trunc_0.mp4 created successfully.
/mnt/home/neurostatslab/ceph/saneslab_data/big_setup/experiment_496/videos/nest_other_side-20260219T151334-151834_trunc_1.mp4 created successfully.
/mnt/home/neurostatslab/ceph/saneslab_data/big_setup/experiment_496/videos/nest_other_side-20260219T151834-152335_trunc_0.mp4 created successfully.
/mnt/home/neurostatslab/ceph/saneslab_data/big_setup/experiment_496/videos/nest_other_side-20260219T151834-152335_trunc_1.mp4 created successfully.
/mnt/home/neurostatslab/ceph/saneslab_data/big_setup/experiment_496/videos/nest_other_side-20260219T152335-152836_trunc_0.mp4 created successfully.
/mnt/home/neurostatslab/ceph/saneslab_data/big_setup/experiment_496/videos/nest_other_side-20260219T152335-152836_trunc_1.mp4 created successfully.
/mnt/home/neurostatslab/ceph/saneslab_data/big_setup/experiment_496/videos/nest_other_side-20260219T152836-153336_trunc_0.mp4 created successfully.
/mnt/home/neurostatslab/ceph/saneslab_data/big_setup/experiment_496/videos/nest_other_side-20260219T152836-153336_trunc_1.mp4 created successfully.
/mnt/home/neurostatslab/ceph/saneslab_data/big_setup/experiment_496/videos/nest_other_side-20260219T153336-153837_trunc_111.mp4 created successfully.
/mnt/home/neurostatslab/ceph/saneslab_data/big_setup/experiment_496/videos/nest_other_side-20260219T153837-154338_trunc_0.mp4 created successfully.
/mnt/home/neurostatslab/ceph/saneslab_data/big_setup/experiment_496/videos/nest_other_side-20260219T153837-154338_trunc_1.mp4 created successfully.
/mnt/home/neurostatslab/ceph/saneslab_data/big_setup/experiment_496/videos/nest_other_side-20260219T154338-154838_trunc_0.mp4 created successfully.
/mnt/home/neurostatslab/ceph/saneslab_data/big_setup/experiment_496/videos/nest_other_side-20260219T154338-154838_trunc_1.mp4 created successfully.
/mnt/home/neurostatslab/ceph/saneslab_data/big_setup/experiment_496/videos/nest_other_side-20260219T154838-155338_trunc_0.mp4 created successfully.
/mnt/home/neurostatslab/ceph/saneslab_data/big_setup/experiment_496/videos/nest_other_side-20260219T154838-155338_trunc_1.mp4 created successfully.
/mnt/home/neurostatslab/ceph/saneslab_data/big_setup/experiment_496/videos/nest_other_side-20260219T155338-155839_trunc_0.mp4 created successfully.
/mnt/home/neurostatslab/ceph/saneslab_data/big_setup/experiment_496/videos/nest_other_side-20260219T155338-155839_trunc_1.mp4 created successfully.
/mnt/home/neurostatslab/ceph/saneslab_data/big_setup/experiment_496/videos/nest_other_side-20260219T155839-160339_trunc_0.mp4 created successfully.
/mnt/home/neurostatslab/ceph/saneslab_data/big_setup/experiment_496/videos/nest_other_side-20260219T155839-160339_trunc_1.mp4 created successfully.
/mnt/home/neurostatslab/ceph/saneslab_data/big_setup/experiment_496/videos/nest_other_side-20260219T160339-160839_trunc_111.mp4 created successfully.
/mnt/home/neurostatslab/ceph/saneslab_data/big_setup/experiment_496/videos/nest_other_side-20260219T160839-161340_trunc_0.mp4 created successfully.
/mnt/home/neurostatslab/ceph/saneslab_data/big_setup/experiment_496/videos/nest_other_side-20260219T160839-161340_trunc_1.mp4 created successfully.
/mnt/home/neurostatslab/ceph/saneslab_data/big_setup/experiment_496/videos/nest_other_side-20260219T161340-161841_trunc_0.mp4 created successfully.
/mnt/home/neurostatslab/ceph/saneslab_data/big_setup/experiment_496/videos/nest_other_side-20260219T161340-161841_trunc_1.mp4 created successfully.
/mnt/home/neurostatslab/ceph/saneslab_data/big_setup/experiment_496/videos/nest_other_side-20260219T161841-162342_trunc_0.mp4 created successfully.
/mnt/home/neurostatslab/ceph/saneslab_data/big_setup/experiment_496/videos/nest_other_side-20260219T161841-162342_trunc_1.mp4 created successfully.
/mnt/home/neurostatslab/ceph/saneslab_data/big_setup/experiment_496/videos/nest_other_side-20260219T162342-162842_trunc_0.mp4 created successfully.
/mnt/home/neurostatslab/ceph/saneslab_data/big_setup/experiment_496/videos/nest_other_side-20260219T162342-162842_trunc_1.mp4 created successfully.
/mnt/home/neurostatslab/ceph/saneslab_data/big_setup/experiment_496/videos/nest_other_side-20260219T162842-163342_trunc_0.mp4 created successfully.
/mnt/home/neurostatslab/ceph/saneslab_data/big_setup/experiment_496/videos/nest_other_side-20260219T162842-163342_trunc_1.mp4 created successfully.
/mnt/home/neurostatslab/ceph/saneslab_data/big_setup/experiment_496/videos/nest_other_side-20260219T163342-163842_trunc_111.mp4 created successfully.
/mnt/home/neurostatslab/ceph/saneslab_data/big_setup/experiment_496/videos/nest_other_side-20260219T163842-164342_trunc_0.mp4 created successfully.
/mnt/home/neurostatslab/ceph/saneslab_data/big_setup/experiment_496/videos/nest_other_side-20260219T163842-164342_trunc_1.mp4 created successfully.
/mnt/home/neurostatslab/ceph/saneslab_data/big_setup/experiment_496/videos/nest_other_side-20260219T164342-164842_trunc_0.mp4 created successfully.
/mnt/home/neurostatslab/ceph/saneslab_data/big_setup/experiment_496/videos/nest_other_side-20260219T164342-164842_trunc_1.mp4 created successfully.
/mnt/home/neurostatslab/ceph/saneslab_data/big_setup/experiment_496/videos/nest_other_side-20260219T164842-165343_trunc_0.mp4 created successfully.
/mnt/home/neurostatslab/ceph/saneslab_data/big_setup/experiment_496/videos/nest_other_side-20260219T164842-165343_trunc_1.mp4 created successfully.
/mnt/home/neurostatslab/ceph/saneslab_data/big_setup/experiment_496/videos/nest_other_side-20260219T165343-165844_trunc_0.mp4 created successfully.
/mnt/home/neurostatslab/ceph/saneslab_data/big_setup/experiment_496/videos/nest_other_side-20260219T165343-165844_trunc_1.mp4 created successfully.
/mnt/home/neurostatslab/ceph/saneslab_data/big_setup/experiment_496/videos/nest_other_side-20260219T165844-170344_trunc_0.mp4 created successfully.
/mnt/home/neurostatslab/ceph/saneslab_data/big_setup/experiment_496/videos/nest_other_side-20260219T165844-170344_trunc_1.mp4 created successfully.
/mnt/home/neurostatslab/ceph/saneslab_data/big_setup/experiment_496/videos/nest_other_side-20260219T170344-170845_trunc_111.mp4 created successfully.
/mnt/home/neurostatslab/ceph/saneslab_data/big_setup/experiment_496/videos/nest_other_side-20260219T170845-171104_trunc_0.mp4 created successfully.
/mnt/home/neurostatslab/ceph/saneslab_data/big_setup/experiment_496/videos/nest_other_side-20260219T170845-171104_trunc_0.mp4 created successfully.
/mnt/home/neurostatslab/ceph/saneslab_data/big_setup/experiment_496/videos/burrow_side-20260219T150332-150833_trunc_111.mp4 created successfully.
/mnt/home/neurostatslab/ceph/saneslab_data/big_setup/experiment_496/videos/burrow_side-20260219T150833-151334_trunc_0.mp4 created successfully.
/mnt/home/neurostatslab/ceph/saneslab_data/big_setup/experiment_496/videos/burrow_side-20260219T150833-151334_trunc_1.mp4 created successfully.
/mnt/home/neurostatslab/ceph/saneslab_data/big_setup/experiment_496/videos/burrow_side-20260219T151334-151835_trunc_0.mp4 created successfully.
/mnt/home/neurostatslab/ceph/saneslab_data/big_setup/experiment_496/videos/burrow_side-20260219T151334-151835_trunc_1.mp4 created successfully.
/mnt/home/neurostatslab/ceph/saneslab_data/big_setup/experiment_496/videos/burrow_side-20260219T151835-152336_trunc_0.mp4 created successfully.
/mnt/home/neurostatslab/ceph/saneslab_data/big_setup/experiment_496/videos/burrow_side-20260219T151835-152336_trunc_1.mp4 created successfully.
/mnt/home/neurostatslab/ceph/saneslab_data/big_setup/experiment_496/videos/burrow_side-20260219T152336-152836_trunc_0.mp4 created successfully.
/mnt/home/neurostatslab/ceph/saneslab_data/big_setup/experiment_496/videos/burrow_side-20260219T152336-152836_trunc_1.mp4 created successfully.
/mnt/home/neurostatslab/ceph/saneslab_data/big_setup/experiment_496/videos/burrow_side-20260219T152836-153336_trunc_0.mp4 created successfully.
/mnt/home/neurostatslab/ceph/saneslab_data/big_setup/experiment_496/videos/burrow_side-20260219T152836-153336_trunc_1.mp4 created successfully.
/mnt/home/neurostatslab/ceph/saneslab_data/big_setup/experiment_496/videos/burrow_side-20260219T153336-153837_trunc_111.mp4 created successfully.
/mnt/home/neurostatslab/ceph/saneslab_data/big_setup/experiment_496/videos/burrow_side-20260219T153837-154337_trunc_0.mp4 created successfully.
/mnt/home/neurostatslab/ceph/saneslab_data/big_setup/experiment_496/videos/burrow_side-20260219T153837-154337_trunc_1.mp4 created successfully.
/mnt/home/neurostatslab/ceph/saneslab_data/big_setup/experiment_496/videos/burrow_side-20260219T154337-154837_trunc_0.mp4 created successfully.
/mnt/home/neurostatslab/ceph/saneslab_data/big_setup/experiment_496/videos/burrow_side-20260219T154337-154837_trunc_1.mp4 created successfully.
/mnt/home/neurostatslab/ceph/saneslab_data/big_setup/experiment_496/videos/burrow_side-20260219T154837-155337_trunc_0.mp4 created successfully.
/mnt/home/neurostatslab/ceph/saneslab_data/big_setup/experiment_496/videos/burrow_side-20260219T154837-155337_trunc_1.mp4 created successfully.
/mnt/home/neurostatslab/ceph/saneslab_data/big_setup/experiment_496/videos/burrow_side-20260219T155337-155838_trunc_0.mp4 created successfully.
/mnt/home/neurostatslab/ceph/saneslab_data/big_setup/experiment_496/videos/burrow_side-20260219T155337-155838_trunc_1.mp4 created successfully.
/mnt/home/neurostatslab/ceph/saneslab_data/big_setup/experiment_496/videos/burrow_side-20260219T155838-160339_trunc_0.mp4 created successfully.
/mnt/home/neurostatslab/ceph/saneslab_data/big_setup/experiment_496/videos/burrow_side-20260219T155838-160339_trunc_1.mp4 created successfully.
/mnt/home/neurostatslab/ceph/saneslab_data/big_setup/experiment_496/videos/burrow_side-20260219T160339-160840_trunc_111.mp4 created successfully.
/mnt/home/neurostatslab/ceph/saneslab_data/big_setup/experiment_496/videos/burrow_side-20260219T160840-161341_trunc_0.mp4 created successfully.
/mnt/home/neurostatslab/ceph/saneslab_data/big_setup/experiment_496/videos/burrow_side-20260219T160840-161341_trunc_1.mp4 created successfully.
/mnt/home/neurostatslab/ceph/saneslab_data/big_setup/experiment_496/videos/burrow_side-20260219T161341-161842_trunc_0.mp4 created successfully.
/mnt/home/neurostatslab/ceph/saneslab_data/big_setup/experiment_496/videos/burrow_side-20260219T161341-161842_trunc_1.mp4 created successfully.
/mnt/home/neurostatslab/ceph/saneslab_data/big_setup/experiment_496/videos/burrow_side-20260219T161842-162342_trunc_0.mp4 created successfully.
/mnt/home/neurostatslab/ceph/saneslab_data/big_setup/experiment_496/videos/burrow_side-20260219T161842-162342_trunc_1.mp4 created successfully.
/mnt/home/neurostatslab/ceph/saneslab_data/big_setup/experiment_496/videos/burrow_side-20260219T162342-162843_trunc_0.mp4 created successfully.
/mnt/home/neurostatslab/ceph/saneslab_data/big_setup/experiment_496/videos/burrow_side-20260219T162342-162843_trunc_1.mp4 created successfully.
/mnt/home/neurostatslab/ceph/saneslab_data/big_setup/experiment_496/videos/burrow_side-20260219T162843-163343_trunc_0.mp4 created successfully.
/mnt/home/neurostatslab/ceph/saneslab_data/big_setup/experiment_496/videos/burrow_side-20260219T162843-163343_trunc_1.mp4 created successfully.
/mnt/home/neurostatslab/ceph/saneslab_data/big_setup/experiment_496/videos/burrow_side-20260219T163343-163843_trunc_111.mp4 created successfully.
/mnt/home/neurostatslab/ceph/saneslab_data/big_setup/experiment_496/videos/burrow_side-20260219T163843-164343_trunc_0.mp4 created successfully.
/mnt/home/neurostatslab/ceph/saneslab_data/big_setup/experiment_496/videos/burrow_side-20260219T163843-164343_trunc_1.mp4 created successfully.
/mnt/home/neurostatslab/ceph/saneslab_data/big_setup/experiment_496/videos/burrow_side-20260219T164343-164844_trunc_0.mp4 created successfully.
/mnt/home/neurostatslab/ceph/saneslab_data/big_setup/experiment_496/videos/burrow_side-20260219T164343-164844_trunc_1.mp4 created successfully.
/mnt/home/neurostatslab/ceph/saneslab_data/big_setup/experiment_496/videos/burrow_side-20260219T164844-165344_trunc_0.mp4 created successfully.
/mnt/home/neurostatslab/ceph/saneslab_data/big_setup/experiment_496/videos/burrow_side-20260219T164844-165344_trunc_1.mp4 created successfully.
/mnt/home/neurostatslab/ceph/saneslab_data/big_setup/experiment_496/videos/burrow_side-20260219T165344-165845_trunc_0.mp4 created successfully.
/mnt/home/neurostatslab/ceph/saneslab_data/big_setup/experiment_496/videos/burrow_side-20260219T165344-165845_trunc_1.mp4 created successfully.
/mnt/home/neurostatslab/ceph/saneslab_data/big_setup/experiment_496/videos/burrow_side-20260219T165845-170346_trunc_0.mp4 created successfully.
/mnt/home/neurostatslab/ceph/saneslab_data/big_setup/experiment_496/videos/burrow_side-20260219T165845-170346_trunc_1.mp4 created successfully.
/mnt/home/neurostatslab/ceph/saneslab_data/big_setup/experiment_496/videos/burrow_side-20260219T170346-170846_trunc_111.mp4 created successfully.
/mnt/home/neurostatslab/ceph/saneslab_data/big_setup/experiment_496/videos/burrow_side-20260219T170846-171104_trunc_0.mp4 created successfully.
/mnt/home/neurostatslab/ceph/saneslab_data/big_setup/experiment_496/videos/burrow_side-20260219T170846-171104_trunc_0.mp4 created successfully.
/mnt/home/neurostatslab/ceph/saneslab_data/big_setup/experiment_496/videos/burrow_top-20260219T150332-150833_trunc_111.mp4 created successfully.
/mnt/home/neurostatslab/ceph/saneslab_data/big_setup/experiment_496/videos/burrow_top-20260219T150833-151334_trunc_0.mp4 created successfully.
/mnt/home/neurostatslab/ceph/saneslab_data/big_setup/experiment_496/videos/burrow_top-20260219T150833-151334_trunc_1.mp4 created successfully.
/mnt/home/neurostatslab/ceph/saneslab_data/big_setup/experiment_496/videos/burrow_top-20260219T151334-151835_trunc_0.mp4 created successfully.
/mnt/home/neurostatslab/ceph/saneslab_data/big_setup/experiment_496/videos/burrow_top-20260219T151334-151835_trunc_1.mp4 created successfully.
/mnt/home/neurostatslab/ceph/saneslab_data/big_setup/experiment_496/videos/burrow_top-20260219T151835-152336_trunc_0.mp4 created successfully.
/mnt/home/neurostatslab/ceph/saneslab_data/big_setup/experiment_496/videos/burrow_top-20260219T151835-152336_trunc_1.mp4 created successfully.
/mnt/home/neurostatslab/ceph/saneslab_data/big_setup/experiment_496/videos/burrow_top-20260219T152336-152837_trunc_0.mp4 created successfully.
/mnt/home/neurostatslab/ceph/saneslab_data/big_setup/experiment_496/videos/burrow_top-20260219T152336-152837_trunc_1.mp4 created successfully.
/mnt/home/neurostatslab/ceph/saneslab_data/big_setup/experiment_496/videos/burrow_top-20260219T152837-153337_trunc_0.mp4 created successfully.
/mnt/home/neurostatslab/ceph/saneslab_data/big_setup/experiment_496/videos/burrow_top-20260219T152837-153337_trunc_1.mp4 created successfully.
/mnt/home/neurostatslab/ceph/saneslab_data/big_setup/experiment_496/videos/burrow_top-20260219T153337-153838_trunc_111.mp4 created successfully.
/mnt/home/neurostatslab/ceph/saneslab_data/big_setup/experiment_496/videos/burrow_top-20260219T153838-154339_trunc_0.mp4 created successfully.
/mnt/home/neurostatslab/ceph/saneslab_data/big_setup/experiment_496/videos/burrow_top-20260219T153838-154339_trunc_1.mp4 created successfully.
/mnt/home/neurostatslab/ceph/saneslab_data/big_setup/experiment_496/videos/burrow_top-20260219T154339-154840_trunc_0.mp4 created successfully.
/mnt/home/neurostatslab/ceph/saneslab_data/big_setup/experiment_496/videos/burrow_top-20260219T154339-154840_trunc_1.mp4 created successfully.
/mnt/home/neurostatslab/ceph/saneslab_data/big_setup/experiment_496/videos/burrow_top-20260219T154840-155341_trunc_0.mp4 created successfully.
/mnt/home/neurostatslab/ceph/saneslab_data/big_setup/experiment_496/videos/burrow_top-20260219T154840-155341_trunc_1.mp4 created successfully.
/mnt/home/neurostatslab/ceph/saneslab_data/big_setup/experiment_496/videos/burrow_top-20260219T155341-155842_trunc_0.mp4 created successfully.
/mnt/home/neurostatslab/ceph/saneslab_data/big_setup/experiment_496/videos/burrow_top-20260219T155341-155842_trunc_1.mp4 created successfully.
/mnt/home/neurostatslab/ceph/saneslab_data/big_setup/experiment_496/videos/burrow_top-20260219T155842-160343_trunc_0.mp4 created successfully.
/mnt/home/neurostatslab/ceph/saneslab_data/big_setup/experiment_496/videos/burrow_top-20260219T155842-160343_trunc_1.mp4 created successfully.
/mnt/home/neurostatslab/ceph/saneslab_data/big_setup/experiment_496/videos/burrow_top-20260219T160343-160844_trunc_111.mp4 created successfully.
/mnt/home/neurostatslab/ceph/saneslab_data/big_setup/experiment_496/videos/burrow_top-20260219T160844-161345_trunc_0.mp4 created successfully.
/mnt/home/neurostatslab/ceph/saneslab_data/big_setup/experiment_496/videos/burrow_top-20260219T160844-161345_trunc_1.mp4 created successfully.
/mnt/home/neurostatslab/ceph/saneslab_data/big_setup/experiment_496/videos/burrow_top-20260219T161345-161845_trunc_0.mp4 created successfully.
/mnt/home/neurostatslab/ceph/saneslab_data/big_setup/experiment_496/videos/burrow_top-20260219T161345-161845_trunc_1.mp4 created successfully.
/mnt/home/neurostatslab/ceph/saneslab_data/big_setup/experiment_496/videos/burrow_top-20260219T161845-162345_trunc_0.mp4 created successfully.
/mnt/home/neurostatslab/ceph/saneslab_data/big_setup/experiment_496/videos/burrow_top-20260219T161845-162345_trunc_1.mp4 created successfully.
/mnt/home/neurostatslab/ceph/saneslab_data/big_setup/experiment_496/videos/burrow_top-20260219T162345-162846_trunc_0.mp4 created successfully.
/mnt/home/neurostatslab/ceph/saneslab_data/big_setup/experiment_496/videos/burrow_top-20260219T162345-162846_trunc_1.mp4 created successfully.
/mnt/home/neurostatslab/ceph/saneslab_data/big_setup/experiment_496/videos/burrow_top-20260219T162846-163347_trunc_0.mp4 created successfully.
/mnt/home/neurostatslab/ceph/saneslab_data/big_setup/experiment_496/videos/burrow_top-20260219T162846-163347_trunc_1.mp4 created successfully.
/mnt/home/neurostatslab/ceph/saneslab_data/big_setup/experiment_496/videos/burrow_top-20260219T163347-163848_trunc_111.mp4 created successfully.
/mnt/home/neurostatslab/ceph/saneslab_data/big_setup/experiment_496/videos/burrow_top-20260219T163848-164348_trunc_0.mp4 created successfully.
/mnt/home/neurostatslab/ceph/saneslab_data/big_setup/experiment_496/videos/burrow_top-20260219T163848-164348_trunc_1.mp4 created successfully.
/mnt/home/neurostatslab/ceph/saneslab_data/big_setup/experiment_496/videos/burrow_top-20260219T164348-164849_trunc_0.mp4 created successfully.
/mnt/home/neurostatslab/ceph/saneslab_data/big_setup/experiment_496/videos/burrow_top-20260219T164348-164849_trunc_1.mp4 created successfully.
/mnt/home/neurostatslab/ceph/saneslab_data/big_setup/experiment_496/videos/burrow_top-20260219T164849-165349_trunc_0.mp4 created successfully.
/mnt/home/neurostatslab/ceph/saneslab_data/big_setup/experiment_496/videos/burrow_top-20260219T164849-165349_trunc_1.mp4 created successfully.
/mnt/home/neurostatslab/ceph/saneslab_data/big_setup/experiment_496/videos/burrow_top-20260219T165349-165850_trunc_111.mp4 created successfully.
/mnt/home/neurostatslab/ceph/saneslab_data/big_setup/experiment_496/videos/burrow_top-20260219T165850-170351_trunc_0.mp4 created successfully.
/mnt/home/neurostatslab/ceph/saneslab_data/big_setup/experiment_496/videos/burrow_top-20260219T165850-170351_trunc_1.mp4 created successfully.
/mnt/home/neurostatslab/ceph/saneslab_data/big_setup/experiment_496/videos/burrow_top-20260219T170351-170852_trunc_111.mp4 created successfully.
Traceback (most recent call last):
  File "/mnt/home/njoseph/gily_exp/post_processing/concatenate_data_cam_mic_sync_gily_automated_flatiron.py", line 498, in <module>
    process_experiments(exps)
  File "/mnt/home/njoseph/gily_exp/post_processing/concatenate_data_cam_mic_sync_gily_automated_flatiron.py", line 238, in process_experiments
    ffmpeg_extract_subclip(cam_stop_rec_video_name, 0.0, None, targetname=target_file)
  File "/mnt/home/njoseph/gily_exp/post_processing/concatenate_data_cam_mic_sync_gily_automated_flatiron.py", line 65, in ffmpeg_extract_subclip
    subprocess.run(cmd, check=True, capture_output=True, text=True)
  File "/mnt/home/njoseph/miniforge3/envs/common/lib/python3.11/subprocess.py", line 548, in run
    with Popen(*popenargs, **kwargs) as process:
         ^^^^^^^^^^^^^^^^^^^^^^^^^^^
  File "/mnt/home/njoseph/miniforge3/envs/common/lib/python3.11/subprocess.py", line 1026, in __init__
    self._execute_child(args, executable, preexec_fn, close_fds,
  File "/mnt/home/njoseph/miniforge3/envs/common/lib/python3.11/subprocess.py", line 1885, in _execute_child
    self.pid = _fork_exec(
               ^^^^^^^^^^^
TypeError: expected str, bytes or os.PathLike object, not float
Fri Apr  3 19:32:27 EDT 2026
