/mnt/home/njoseph/gily_exp/post_processing
workergpu164
Sat Apr  4 15:08:01 EDT 2026
Setting up environment

EnvironmentNameNotFound: Could not find conda environment: 503
You can list all discoverable environments with `conda info --envs`.


Running concatenation
Camera names: 
 ['nest_side', 'center', 'burrow_side', 'nest_other_side', 'burrow_top', 'nest_top', 'gily_center']
/mnt/home/neurostatslab/ceph/saneslab_data/big_setup/experiment_503/videos/nest_side-20260221T172511-173012_trunc_111.mp4 created successfully.
/mnt/home/neurostatslab/ceph/saneslab_data/big_setup/experiment_503/videos/nest_side-20260221T173012-173513_trunc_0.mp4 created successfully.
/mnt/home/neurostatslab/ceph/saneslab_data/big_setup/experiment_503/videos/nest_side-20260221T173012-173513_trunc_1.mp4 created successfully.
/mnt/home/neurostatslab/ceph/saneslab_data/big_setup/experiment_503/videos/nest_side-20260221T173513-174014_trunc_0.mp4 created successfully.
/mnt/home/neurostatslab/ceph/saneslab_data/big_setup/experiment_503/videos/nest_side-20260221T173513-174014_trunc_1.mp4 created successfully.
/mnt/home/neurostatslab/ceph/saneslab_data/big_setup/experiment_503/videos/nest_side-20260221T174014-174515_trunc_0.mp4 created successfully.
/mnt/home/neurostatslab/ceph/saneslab_data/big_setup/experiment_503/videos/nest_side-20260221T174014-174515_trunc_1.mp4 created successfully.
/mnt/home/neurostatslab/ceph/saneslab_data/big_setup/experiment_503/videos/nest_side-20260221T174515-175016_trunc_0.mp4 created successfully.
/mnt/home/neurostatslab/ceph/saneslab_data/big_setup/experiment_503/videos/nest_side-20260221T174515-175016_trunc_1.mp4 created successfully.
/mnt/home/neurostatslab/ceph/saneslab_data/big_setup/experiment_503/videos/nest_side-20260221T175016-175517_trunc_0.mp4 created successfully.
/mnt/home/neurostatslab/ceph/saneslab_data/big_setup/experiment_503/videos/nest_side-20260221T175016-175517_trunc_1.mp4 created successfully.
/mnt/home/neurostatslab/ceph/saneslab_data/big_setup/experiment_503/videos/nest_side-20260221T175517-180018_trunc_111.mp4 created successfully.
/mnt/home/neurostatslab/ceph/saneslab_data/big_setup/experiment_503/videos/nest_side-20260221T180018-180519_trunc_0.mp4 created successfully.
/mnt/home/neurostatslab/ceph/saneslab_data/big_setup/experiment_503/videos/nest_side-20260221T180018-180519_trunc_1.mp4 created successfully.
/mnt/home/neurostatslab/ceph/saneslab_data/big_setup/experiment_503/videos/nest_side-20260221T180519-181019_trunc_0.mp4 created successfully.
/mnt/home/neurostatslab/ceph/saneslab_data/big_setup/experiment_503/videos/nest_side-20260221T180519-181019_trunc_1.mp4 created successfully.
/mnt/home/neurostatslab/ceph/saneslab_data/big_setup/experiment_503/videos/nest_side-20260221T181019-181318_trunc_0.mp4 created successfully.
/mnt/home/neurostatslab/ceph/saneslab_data/big_setup/experiment_503/videos/nest_side-20260221T181019-181318_trunc_0.mp4 created successfully.
/mnt/home/neurostatslab/ceph/saneslab_data/big_setup/experiment_503/videos/center-20260221T172511-173012_trunc_111.mp4 created successfully.
/mnt/home/neurostatslab/ceph/saneslab_data/big_setup/experiment_503/videos/center-20260221T173012-173512_trunc_0.mp4 created successfully.
/mnt/home/neurostatslab/ceph/saneslab_data/big_setup/experiment_503/videos/center-20260221T173012-173512_trunc_1.mp4 created successfully.
/mnt/home/neurostatslab/ceph/saneslab_data/big_setup/experiment_503/videos/center-20260221T173512-174013_trunc_0.mp4 created successfully.
/mnt/home/neurostatslab/ceph/saneslab_data/big_setup/experiment_503/videos/center-20260221T173512-174013_trunc_1.mp4 created successfully.
/mnt/home/neurostatslab/ceph/saneslab_data/big_setup/experiment_503/videos/center-20260221T174013-174514_trunc_0.mp4 created successfully.
/mnt/home/neurostatslab/ceph/saneslab_data/big_setup/experiment_503/videos/center-20260221T174013-174514_trunc_1.mp4 created successfully.
/mnt/home/neurostatslab/ceph/saneslab_data/big_setup/experiment_503/videos/center-20260221T174514-175015_trunc_0.mp4 created successfully.
/mnt/home/neurostatslab/ceph/saneslab_data/big_setup/experiment_503/videos/center-20260221T174514-175015_trunc_1.mp4 created successfully.
/mnt/home/neurostatslab/ceph/saneslab_data/big_setup/experiment_503/videos/center-20260221T175015-175515_trunc_0.mp4 created successfully.
/mnt/home/neurostatslab/ceph/saneslab_data/big_setup/experiment_503/videos/center-20260221T175015-175515_trunc_1.mp4 created successfully.
/mnt/home/neurostatslab/ceph/saneslab_data/big_setup/experiment_503/videos/center-20260221T175515-180016_trunc_111.mp4 created successfully.
/mnt/home/neurostatslab/ceph/saneslab_data/big_setup/experiment_503/videos/center-20260221T180016-180516_trunc_0.mp4 created successfully.
/mnt/home/neurostatslab/ceph/saneslab_data/big_setup/experiment_503/videos/center-20260221T180016-180516_trunc_1.mp4 created successfully.
/mnt/home/neurostatslab/ceph/saneslab_data/big_setup/experiment_503/videos/center-20260221T180516-181017_trunc_0.mp4 created successfully.
/mnt/home/neurostatslab/ceph/saneslab_data/big_setup/experiment_503/videos/center-20260221T180516-181017_trunc_1.mp4 created successfully.
/mnt/home/neurostatslab/ceph/saneslab_data/big_setup/experiment_503/videos/center-20260221T181017-181318_trunc_0.mp4 created successfully.
/mnt/home/neurostatslab/ceph/saneslab_data/big_setup/experiment_503/videos/center-20260221T181017-181318_trunc_0.mp4 created successfully.
/mnt/home/neurostatslab/ceph/saneslab_data/big_setup/experiment_503/videos/burrow_side-20260221T172511-173011_trunc_111.mp4 created successfully.
/mnt/home/neurostatslab/ceph/saneslab_data/big_setup/experiment_503/videos/burrow_side-20260221T173011-173512_trunc_0.mp4 created successfully.
/mnt/home/neurostatslab/ceph/saneslab_data/big_setup/experiment_503/videos/burrow_side-20260221T173011-173512_trunc_1.mp4 created successfully.
/mnt/home/neurostatslab/ceph/saneslab_data/big_setup/experiment_503/videos/burrow_side-20260221T173512-174012_trunc_0.mp4 created successfully.
/mnt/home/neurostatslab/ceph/saneslab_data/big_setup/experiment_503/videos/burrow_side-20260221T173512-174012_trunc_1.mp4 created successfully.
/mnt/home/neurostatslab/ceph/saneslab_data/big_setup/experiment_503/videos/burrow_side-20260221T174012-174513_trunc_0.mp4 created successfully.
/mnt/home/neurostatslab/ceph/saneslab_data/big_setup/experiment_503/videos/burrow_side-20260221T174012-174513_trunc_1.mp4 created successfully.
/mnt/home/neurostatslab/ceph/saneslab_data/big_setup/experiment_503/videos/burrow_side-20260221T174513-175014_trunc_0.mp4 created successfully.
/mnt/home/neurostatslab/ceph/saneslab_data/big_setup/experiment_503/videos/burrow_side-20260221T174513-175014_trunc_1.mp4 created successfully.
/mnt/home/neurostatslab/ceph/saneslab_data/big_setup/experiment_503/videos/burrow_side-20260221T175014-175515_trunc_0.mp4 created successfully.
/mnt/home/neurostatslab/ceph/saneslab_data/big_setup/experiment_503/videos/burrow_side-20260221T175014-175515_trunc_1.mp4 created successfully.
/mnt/home/neurostatslab/ceph/saneslab_data/big_setup/experiment_503/videos/burrow_side-20260221T175515-180015_trunc_111.mp4 created successfully.
/mnt/home/neurostatslab/ceph/saneslab_data/big_setup/experiment_503/videos/burrow_side-20260221T180015-180516_trunc_0.mp4 created successfully.
/mnt/home/neurostatslab/ceph/saneslab_data/big_setup/experiment_503/videos/burrow_side-20260221T180015-180516_trunc_1.mp4 created successfully.
/mnt/home/neurostatslab/ceph/saneslab_data/big_setup/experiment_503/videos/burrow_side-20260221T180516-181017_trunc_0.mp4 created successfully.
/mnt/home/neurostatslab/ceph/saneslab_data/big_setup/experiment_503/videos/burrow_side-20260221T180516-181017_trunc_1.mp4 created successfully.
/mnt/home/neurostatslab/ceph/saneslab_data/big_setup/experiment_503/videos/burrow_side-20260221T181017-181318_trunc_0.mp4 created successfully.
/mnt/home/neurostatslab/ceph/saneslab_data/big_setup/experiment_503/videos/burrow_side-20260221T181017-181318_trunc_0.mp4 created successfully.
/mnt/home/neurostatslab/ceph/saneslab_data/big_setup/experiment_503/videos/nest_other_side-20260221T172511-173012_trunc_111.mp4 created successfully.
/mnt/home/neurostatslab/ceph/saneslab_data/big_setup/experiment_503/videos/nest_other_side-20260221T173012-173512_trunc_0.mp4 created successfully.
/mnt/home/neurostatslab/ceph/saneslab_data/big_setup/experiment_503/videos/nest_other_side-20260221T173012-173512_trunc_1.mp4 created successfully.
/mnt/home/neurostatslab/ceph/saneslab_data/big_setup/experiment_503/videos/nest_other_side-20260221T173512-174013_trunc_0.mp4 created successfully.
/mnt/home/neurostatslab/ceph/saneslab_data/big_setup/experiment_503/videos/nest_other_side-20260221T173512-174013_trunc_1.mp4 created successfully.
/mnt/home/neurostatslab/ceph/saneslab_data/big_setup/experiment_503/videos/nest_other_side-20260221T174013-174514_trunc_0.mp4 created successfully.
/mnt/home/neurostatslab/ceph/saneslab_data/big_setup/experiment_503/videos/nest_other_side-20260221T174013-174514_trunc_1.mp4 created successfully.
/mnt/home/neurostatslab/ceph/saneslab_data/big_setup/experiment_503/videos/nest_other_side-20260221T174514-175015_trunc_0.mp4 created successfully.
/mnt/home/neurostatslab/ceph/saneslab_data/big_setup/experiment_503/videos/nest_other_side-20260221T174514-175015_trunc_1.mp4 created successfully.
/mnt/home/neurostatslab/ceph/saneslab_data/big_setup/experiment_503/videos/nest_other_side-20260221T175015-175515_trunc_0.mp4 created successfully.
/mnt/home/neurostatslab/ceph/saneslab_data/big_setup/experiment_503/videos/nest_other_side-20260221T175015-175515_trunc_1.mp4 created successfully.
/mnt/home/neurostatslab/ceph/saneslab_data/big_setup/experiment_503/videos/nest_other_side-20260221T175515-180016_trunc_111.mp4 created successfully.
/mnt/home/neurostatslab/ceph/saneslab_data/big_setup/experiment_503/videos/nest_other_side-20260221T180016-180516_trunc_0.mp4 created successfully.
/mnt/home/neurostatslab/ceph/saneslab_data/big_setup/experiment_503/videos/nest_other_side-20260221T180016-180516_trunc_1.mp4 created successfully.
/mnt/home/neurostatslab/ceph/saneslab_data/big_setup/experiment_503/videos/nest_other_side-20260221T180516-181016_trunc_0.mp4 created successfully.
/mnt/home/neurostatslab/ceph/saneslab_data/big_setup/experiment_503/videos/nest_other_side-20260221T180516-181016_trunc_1.mp4 created successfully.
/mnt/home/neurostatslab/ceph/saneslab_data/big_setup/experiment_503/videos/nest_other_side-20260221T181016-181318_trunc_0.mp4 created successfully.
/mnt/home/neurostatslab/ceph/saneslab_data/big_setup/experiment_503/videos/nest_other_side-20260221T181016-181318_trunc_0.mp4 created successfully.
/mnt/home/neurostatslab/ceph/saneslab_data/big_setup/experiment_503/videos/burrow_top-20260221T172511-173012_trunc_111.mp4 created successfully.
/mnt/home/neurostatslab/ceph/saneslab_data/big_setup/experiment_503/videos/burrow_top-20260221T173012-173513_trunc_0.mp4 created successfully.
/mnt/home/neurostatslab/ceph/saneslab_data/big_setup/experiment_503/videos/burrow_top-20260221T173012-173513_trunc_1.mp4 created successfully.
/mnt/home/neurostatslab/ceph/saneslab_data/big_setup/experiment_503/videos/burrow_top-20260221T173513-174014_trunc_0.mp4 created successfully.
/mnt/home/neurostatslab/ceph/saneslab_data/big_setup/experiment_503/videos/burrow_top-20260221T173513-174014_trunc_1.mp4 created successfully.
/mnt/home/neurostatslab/ceph/saneslab_data/big_setup/experiment_503/videos/burrow_top-20260221T174014-174515_trunc_0.mp4 created successfully.
/mnt/home/neurostatslab/ceph/saneslab_data/big_setup/experiment_503/videos/burrow_top-20260221T174014-174515_trunc_1.mp4 created successfully.
/mnt/home/neurostatslab/ceph/saneslab_data/big_setup/experiment_503/videos/burrow_top-20260221T174515-175016_trunc_0.mp4 created successfully.
/mnt/home/neurostatslab/ceph/saneslab_data/big_setup/experiment_503/videos/burrow_top-20260221T174515-175016_trunc_1.mp4 created successfully.
/mnt/home/neurostatslab/ceph/saneslab_data/big_setup/experiment_503/videos/burrow_top-20260221T175016-175517_trunc_0.mp4 created successfully.
/mnt/home/neurostatslab/ceph/saneslab_data/big_setup/experiment_503/videos/burrow_top-20260221T175016-175517_trunc_1.mp4 created successfully.
/mnt/home/neurostatslab/ceph/saneslab_data/big_setup/experiment_503/videos/burrow_top-20260221T175517-180018_trunc_111.mp4 created successfully.
/mnt/home/neurostatslab/ceph/saneslab_data/big_setup/experiment_503/videos/burrow_top-20260221T180018-180519_trunc_0.mp4 created successfully.
/mnt/home/neurostatslab/ceph/saneslab_data/big_setup/experiment_503/videos/burrow_top-20260221T180018-180519_trunc_1.mp4 created successfully.
/mnt/home/neurostatslab/ceph/saneslab_data/big_setup/experiment_503/videos/burrow_top-20260221T180519-181020_trunc_0.mp4 created successfully.
/mnt/home/neurostatslab/ceph/saneslab_data/big_setup/experiment_503/videos/burrow_top-20260221T180519-181020_trunc_1.mp4 created successfully.
/mnt/home/neurostatslab/ceph/saneslab_data/big_setup/experiment_503/videos/burrow_top-20260221T181020-181318_trunc_0.mp4 created successfully.
/mnt/home/neurostatslab/ceph/saneslab_data/big_setup/experiment_503/videos/burrow_top-20260221T181020-181318_trunc_0.mp4 created successfully.
/mnt/home/neurostatslab/ceph/saneslab_data/big_setup/experiment_503/videos/nest_top-20260221T172511-173012_trunc_111.mp4 created successfully.
/mnt/home/neurostatslab/ceph/saneslab_data/big_setup/experiment_503/videos/nest_top-20260221T173012-173512_trunc_0.mp4 created successfully.
/mnt/home/neurostatslab/ceph/saneslab_data/big_setup/experiment_503/videos/nest_top-20260221T173012-173512_trunc_1.mp4 created successfully.
/mnt/home/neurostatslab/ceph/saneslab_data/big_setup/experiment_503/videos/nest_top-20260221T173512-174013_trunc_0.mp4 created successfully.
/mnt/home/neurostatslab/ceph/saneslab_data/big_setup/experiment_503/videos/nest_top-20260221T173512-174013_trunc_1.mp4 created successfully.
/mnt/home/neurostatslab/ceph/saneslab_data/big_setup/experiment_503/videos/nest_top-20260221T174013-174514_trunc_0.mp4 created successfully.
/mnt/home/neurostatslab/ceph/saneslab_data/big_setup/experiment_503/videos/nest_top-20260221T174013-174514_trunc_1.mp4 created successfully.
/mnt/home/neurostatslab/ceph/saneslab_data/big_setup/experiment_503/videos/nest_top-20260221T174514-175015_trunc_0.mp4 created successfully.
/mnt/home/neurostatslab/ceph/saneslab_data/big_setup/experiment_503/videos/nest_top-20260221T174514-175015_trunc_1.mp4 created successfully.
/mnt/home/neurostatslab/ceph/saneslab_data/big_setup/experiment_503/videos/nest_top-20260221T175015-175516_trunc_0.mp4 created successfully.
/mnt/home/neurostatslab/ceph/saneslab_data/big_setup/experiment_503/videos/nest_top-20260221T175015-175516_trunc_1.mp4 created successfully.
/mnt/home/neurostatslab/ceph/saneslab_data/big_setup/experiment_503/videos/nest_top-20260221T175516-180016_trunc_111.mp4 created successfully.
/mnt/home/neurostatslab/ceph/saneslab_data/big_setup/experiment_503/videos/nest_top-20260221T180016-180517_trunc_0.mp4 created successfully.
/mnt/home/neurostatslab/ceph/saneslab_data/big_setup/experiment_503/videos/nest_top-20260221T180016-180517_trunc_1.mp4 created successfully.
/mnt/home/neurostatslab/ceph/saneslab_data/big_setup/experiment_503/videos/nest_top-20260221T180517-181018_trunc_0.mp4 created successfully.
/mnt/home/neurostatslab/ceph/saneslab_data/big_setup/experiment_503/videos/nest_top-20260221T180517-181018_trunc_1.mp4 created successfully.
/mnt/home/neurostatslab/ceph/saneslab_data/big_setup/experiment_503/videos/nest_top-20260221T181018-181318_trunc_0.mp4 created successfully.
/mnt/home/neurostatslab/ceph/saneslab_data/big_setup/experiment_503/videos/nest_top-20260221T181018-181318_trunc_0.mp4 created successfully.
/mnt/home/neurostatslab/ceph/saneslab_data/big_setup/experiment_503/videos/gily_center-20260221T172511-173012_trunc_111.mp4 created successfully.
/mnt/home/neurostatslab/ceph/saneslab_data/big_setup/experiment_503/videos/gily_center-20260221T173012-173513_trunc_0.mp4 created successfully.
/mnt/home/neurostatslab/ceph/saneslab_data/big_setup/experiment_503/videos/gily_center-20260221T173012-173513_trunc_1.mp4 created successfully.
/mnt/home/neurostatslab/ceph/saneslab_data/big_setup/experiment_503/videos/gily_center-20260221T173513-174014_trunc_0.mp4 created successfully.
/mnt/home/neurostatslab/ceph/saneslab_data/big_setup/experiment_503/videos/gily_center-20260221T173513-174014_trunc_1.mp4 created successfully.
/mnt/home/neurostatslab/ceph/saneslab_data/big_setup/experiment_503/videos/gily_center-20260221T174014-174515_trunc_0.mp4 created successfully.
/mnt/home/neurostatslab/ceph/saneslab_data/big_setup/experiment_503/videos/gily_center-20260221T174014-174515_trunc_1.mp4 created successfully.
/mnt/home/neurostatslab/ceph/saneslab_data/big_setup/experiment_503/videos/gily_center-20260221T174515-175016_trunc_0.mp4 created successfully.
/mnt/home/neurostatslab/ceph/saneslab_data/big_setup/experiment_503/videos/gily_center-20260221T174515-175016_trunc_1.mp4 created successfully.
/mnt/home/neurostatslab/ceph/saneslab_data/big_setup/experiment_503/videos/gily_center-20260221T175016-175516_trunc_0.mp4 created successfully.
/mnt/home/neurostatslab/ceph/saneslab_data/big_setup/experiment_503/videos/gily_center-20260221T175016-175516_trunc_1.mp4 created successfully.
/mnt/home/neurostatslab/ceph/saneslab_data/big_setup/experiment_503/videos/gily_center-20260221T175516-180017_trunc_111.mp4 created successfully.
/mnt/home/neurostatslab/ceph/saneslab_data/big_setup/experiment_503/videos/gily_center-20260221T180017-180518_trunc_0.mp4 created successfully.
/mnt/home/neurostatslab/ceph/saneslab_data/big_setup/experiment_503/videos/gily_center-20260221T180017-180518_trunc_1.mp4 created successfully.
/mnt/home/neurostatslab/ceph/saneslab_data/big_setup/experiment_503/videos/gily_center-20260221T180518-181019_trunc_0.mp4 created successfully.
/mnt/home/neurostatslab/ceph/saneslab_data/big_setup/experiment_503/videos/gily_center-20260221T180518-181019_trunc_1.mp4 created successfully.
/mnt/home/neurostatslab/ceph/saneslab_data/big_setup/experiment_503/videos/gily_center-20260221T181019-181318_trunc_0.mp4 created successfully.
Traceback (most recent call last):
  File "/mnt/home/njoseph/gily_exp/post_processing/concatenate_data_cam_mic_sync_gily_automated_flatiron.py", line 498, in <module>
    process_experiments(exps)
  File "/mnt/home/njoseph/gily_exp/post_processing/concatenate_data_cam_mic_sync_gily_automated_flatiron.py", line 272, in process_experiments
    ffmpeg_extract_subclip(vid_name, break_time, None, targetname=target_file)
  File "/mnt/home/njoseph/gily_exp/post_processing/concatenate_data_cam_mic_sync_gily_automated_flatiron.py", line 65, in ffmpeg_extract_subclip
    subprocess.run(cmd, check=True, capture_output=True, text=True)
  File "/mnt/home/njoseph/miniforge3/envs/common/lib/python3.11/subprocess.py", line 548, in run
    with Popen(*popenargs, **kwargs) as process:
         ^^^^^^^^^^^^^^^^^^^^^^^^^^^
  File "/mnt/home/njoseph/miniforge3/envs/common/lib/python3.11/subprocess.py", line 1026, in __init__
    self._execute_child(args, executable, preexec_fn, close_fds,
  File "/mnt/home/njoseph/miniforge3/envs/common/lib/python3.11/subprocess.py", line 1955, in _execute_child
    raise child_exception_type(errno_num, err_msg, err_filename)
FileNotFoundError: [Errno 2] No such file or directory: 'ffmpeg'
Sat Apr  4 18:16:15 EDT 2026
