/mnt/home/njoseph/gily_exp/post_processing
workergpu002
Tue Apr  7 12:46:27 EDT 2026
Setting up environment

EnvironmentNameNotFound: Could not find conda environment: 532
You can list all discoverable environments with `conda info --envs`.


Running timestamp
Running experiment: 532
Exporting the h5 files to wav files
0it [00:00, ?it/s]1it [00:00,  9.37it/s]3it [00:00, 10.17it/s]5it [00:00,  5.25it/s]6it [00:00,  5.62it/s]7it [00:01,  6.26it/s]8it [00:01,  6.75it/s]
Automatically detected clock channel: 13
Getting the rising and falling edges in the clock signal
  0%|                                                                                                                                                         | 0/8 [00:00<?, ?it/s] 12%|██████████████████▏                                                                                                                              | 1/8 [00:00<00:06,  1.05it/s] 25%|████████████████████████████████████▎                                                                                                            | 2/8 [00:01<00:04,  1.27it/s] 38%|██████████████████████████████████████████████████████▍                                                                                          | 3/8 [00:02<00:04,  1.06it/s] 50%|████████████████████████████████████████████████████████████████████████▌                                                                        | 4/8 [00:03<00:03,  1.01it/s] 62%|██████████████████████████████████████████████████████████████████████████████████████████▋                                                      | 5/8 [00:04<00:02,  1.10it/s] 75%|████████████████████████████████████████████████████████████████████████████████████████████████████████████▊                                    | 6/8 [00:05<00:01,  1.08it/s] 88%|██████████████████████████████████████████████████████████████████████████████████████████████████████████████████████████████▉                  | 7/8 [00:06<00:00,  1.08it/s]100%|█████████████████████████████████████████████████████████████████████████████████████████████████████████████████████████████████████████████████| 8/8 [00:07<00:00,  1.01it/s]100%|█████████████████████████████████████████████████████████████████████████████████████████████████████████████████████████████████████████████████| 8/8 [00:07<00:00,  1.05it/s]
Clock channel lengths
[37500000, 37500000, 37500000, 37500000, 37500000, 37500000, 37500000, 37500000]
Traceback (most recent call last):
  File "/mnt/home/njoseph/gily_exp/post_processing/timestamp_generation_gily_automated_flatiron.py", line 552, in <module>
    process_experiments(exps)
  File "/mnt/home/njoseph/gily_exp/post_processing/timestamp_generation_gily_automated_flatiron.py", line 131, in process_experiments
    prev_sample = i[0]
                  ~^^^
IndexError: index 0 is out of bounds for axis 0 with size 0
Tue Apr  7 12:46:52 EDT 2026
